ERROR: SystemError: opening file "/global/u2/j/james12/.julia/dev/CosmoMMF/scripts/run_NEXUS_final.jl": No such file or directory
Stacktrace:
  [1] systemerror(p::String, errno::Int32; extrainfo::Nothing)
    @ Base ./error.jl:168
  [2] #systemerror#62
    @ ./error.jl:167 [inlined]
  [3] systemerror
    @ ./error.jl:167 [inlined]
  [4] open(fname::String; lock::Bool, read::Nothing, write::Nothing, create::Nothing, truncate::Nothing, append::Nothing)
    @ Base ./iostream.jl:293
  [5] open
    @ ./iostream.jl:282 [inlined]
  [6] open(f::Base.var"#326#327"{String}, args::String; kwargs::Base.Iterators.Pairs{Union{}, Union{}, Tuple{}, NamedTuple{(), Tuple{}}})
    @ Base ./io.jl:328
  [7] open
    @ ./io.jl:328 [inlined]
  [8] read
    @ ./io.jl:434 [inlined]
  [9] _include(mapexpr::Function, mod::Module, _path::String)
    @ Base ./loading.jl:1144
 [10] include(mod::Module, _path::String)
    @ Base ./Base.jl:386
 [11] exec_options(opts::Base.JLOptions)
    @ Base ./client.jl:285
 [12] _start()
    @ Base ./client.jl:485
srun: error: nid02249: task 0: Exited with exit code 1
srun: launch/slurm: _step_signal: Terminating StepId=58331641.0
